Runner manager initialized with runners: ['Cat', 'Parrot', 'Horse']
Available runners: ['Cat', 'Parrot', 'Horse']
Runner menu actions: 1
Runner manager initialized with runners: ['Cat', 'Parrot', 'Horse']
Available runners: ['Cat', 'Parrot', 'Horse']
Added runner 0: Cat
Added runner 1: Parrot
Added runner 2: Horse
Runner menu actions: 1
Runner manager initialized with runners: ['Cat', 'Parrot', 'Horse']
Runner manager initialized with runners: ['Cat', 'Parrot', 'Horse']
Runner manager initialized with runners: ['Cat', 'Parrot', 'Horse']
Runner manager initialized with runners: ['Cat', 'Parrot', 'Horse']
Runner manager initialized with runners: ['Cat', 'Parrot', 'Horse']
Available runners: ['Cat', 'Parrot', 'Horse']
Added runner 0: Cat
Added runner 1: Parrot
Added runner 2: Horse
Runner menu actions: 1
Runner manager initialized with runners: ['Cat', 'Parrot', 'Horse']
Available runners: ['Cat', 'Parrot', 'Horse']
Added runner 0: Cat
Added runner 1: Parrot
Added runner 2: Horse
Runner menu actions: 1
Runner manager initialized with runners: ['Cat', 'Parrot', 'Horse']
Available runners: ['Cat', 'Parrot', 'Horse']
Added runner 0: Cat
Added runner 1: Parrot
Added runner 2: Horse
Runner menu actions: 1
Runner manager initialized with runners: ['Cat', 'Parrot', 'Horse']
Available runners: ['Cat', 'Parrot', 'Horse']
Added runner 0: Cat
Added runner 1: Parrot
Added runner 2: Horse
Runner menu actions: 1
Runner manager initialized with runners: ['Cat', 'Parrot', 'Horse']
Runner manager initialized with runners: ['Cat', 'Parrot', 'Horse']
Runner manager initialized with runners: ['Cat', 'Parrot', 'Horse']
Runner manager initialized with runners: ['Cat', 'Parrot', 'Horse']
Runner manager initialized with runners: ['Cat', 'Parrot', 'Horse']
Runner manager initialized with runners: ['Cat', 'Parrot', 'Horse']
Runner manager initialized with runners: ['Cat', 'Parrot', 'Horse']
Runner manager initialized with runners: ['Cat', 'Parrot', 'Horse']
Runner manager initialized with runners: ['Cat', 'Parrot', 'Horse']
Runner manager initialized with runners: ['Cat', 'Parrot', 'Horse']
Runner menu actions: 5
Runner manager initialized with runners: ['Cat', 'Parrot', 'Horse']
Runner menu actions: 5
Runner manager initialized with runners: ['Cat', 'Parrot', 'Horse']
Runner menu actions: 5
Runner manager initialized with runners: ['Cat', 'Parrot', 'Horse']
Runner menu actions: 5
Runner manager initialized with runners: ['Cat', 'Parrot', 'Horse']
Runner menu actions: 5
Runner manager initialized with runners: ['Cat', 'Parrot', 'Horse']
Runner menu actions: 5
Runner manager initialized with runners: ['Cat', 'Parrot', 'Horse']
Runner menu actions: 5
Runner manager initialized with runners: ['Cat', 'Parrot', 'Horse']
Runner menu actions: 2
Runner manager initialized with runners: ['Cat', 'Parrot', 'Horse']
Available runners: ['Cat', 'Parrot', 'Horse']
Added runner 0: Cat
Added runner 1: Parrot
Added runner 2: Horse
Available custom runners: ['mona-whisper']
Added custom runner 0: mona-whisper
Runner menu actions: 2
Runner manager initialized with runners: ['Cat', 'Parrot', 'Horse']
Available runners: ['Cat', 'Parrot', 'Horse']
Added runner 0: Cat
Added runner 1: Parrot
Added runner 2: Horse
Available custom runners: ['mona-whisper']
Added custom runner 0: mona-whisper
Runner menu actions: 5
Runner manager initialized with runners: ['Cat', 'Parrot', 'Horse']
Available runners: ['Cat', 'Parrot', 'Horse']
Added runner 0: Cat
Added runner 1: Parrot
Added runner 2: Horse
Available custom runners: ['mona-whisper']
Added custom runner 0: mona-whisper
Runner menu actions: 5
Available runners: ['Cat', 'Parrot', 'Horse']
Added runner 0: Cat
Added runner 1: Parrot
Added runner 2: Horse
Available custom runners: ['mona-whisper']
Added custom runner 0: mona-whisper
Runner menu actions: 5
Available runners: ['Cat', 'Parrot', 'Horse']
Added runner 0: Cat
Added runner 1: Parrot
Added runner 2: Horse
Available custom runners: ['mona-whisper']
Added custom runner 0: mona-whisper
Runner menu actions: 5
Available runners: ['Cat', 'Parrot', 'Horse']
Added runner 0: Cat
Added runner 1: Parrot
Added runner 2: Horse
Available custom runners: ['mona-whisper']
Added custom runner 0: mona-whisper
Runner menu actions: 5
Available runners: ['Cat', 'Parrot', 'Horse']
Added runner 0: Cat
Added runner 1: Parrot
Added runner 2: Horse
Available custom runners: ['mona-whisper']
Added custom runner 0: mona-whisper
Runner menu actions: 5
Available runners: ['Cat', 'Parrot', 'Horse']
Added runner 0: Cat
Added runner 1: Parrot
Added runner 2: Horse
Available custom runners: ['mona-whisper']
Added custom runner 0: mona-whisper
Runner menu actions: 5
Available runners: ['Cat', 'Parrot', 'Horse']
Added runner 0: Cat
Added runner 1: Parrot
Added runner 2: Horse
Available custom runners: ['mona-whisper']
Added custom runner 0: mona-whisper
Runner menu actions: 5
Available runners: ['Cat', 'Parrot', 'Horse']
Added runner 0: Cat
Added runner 1: Parrot
Added runner 2: Horse
Available custom runners: ['mona-whisper']
Added custom runner 0: mona-whisper
Runner menu actions: 5
Available runners: ['Cat', 'Parrot', 'Horse']
Added runner 0: Cat
Added runner 1: Parrot
Added runner 2: Horse
Available custom runners: ['mona-whisper']
Added custom runner 0: mona-whisper
Runner menu actions: 5
Runner manager initialized with runners: ['Cat', 'Parrot', 'Horse']
Available runners: ['Cat', 'Parrot', 'Horse']
Added runner 0: Cat
Added runner 1: Parrot
Added runner 2: Horse
Available custom runners: ['mona-whisper']
Added custom runner 0: mona-whisper
Runner menu actions: 5
Runner manager initialized with runners: ['Cat', 'Parrot', 'Horse']
Available runners: ['Cat', 'Parrot', 'Horse']
Added runner 0: Cat
Added runner 1: Parrot
Added runner 2: Horse
Available custom runners: ['mona-whisper']
Added custom runner 0: mona-whisper
Runner menu actions: 5
Available runners: ['Cat', 'Parrot', 'Horse']
Added runner 0: Cat
Added runner 1: Parrot
Added runner 2: Horse
Available custom runners: ['mona-whisper']
Added custom runner 0: mona-whisper
Runner menu actions: 5
Available runners: ['Cat', 'Parrot', 'Horse']
Added runner 0: Cat
Added runner 1: Parrot
Added runner 2: Horse
Available custom runners: ['mona-whisper']
Added custom runner 0: mona-whisper
Runner menu actions: 5
Available runners: ['Cat', 'Parrot', 'Horse']
Added runner 0: Cat
Added runner 1: Parrot
Added runner 2: Horse
Available custom runners: ['mona-whisper']
Added custom runner 0: mona-whisper
Runner menu actions: 5
Available runners: ['Cat', 'Parrot', 'Horse']
Added runner 0: Cat
Added runner 1: Parrot
Added runner 2: Horse
Available custom runners: ['mona-whisper']
Added custom runner 0: mona-whisper
Runner menu actions: 5
Available runners: ['Cat', 'Parrot', 'Horse']
Added runner 0: Cat
Added runner 1: Parrot
Added runner 2: Horse
Available custom runners: ['mona-whisper']
Added custom runner 0: mona-whisper
Runner menu actions: 5
Runner manager initialized with runners: ['Cat', 'Parrot', 'Horse']
Available runners: ['Cat', 'Parrot', 'Horse']
Added runner 0: Cat
Added runner 1: Parrot
Added runner 2: Horse
Available custom runners: ['mona-whisper']
Added custom runner 0: mona-whisper
Runner menu actions: 5
Runner manager initialized with runners: ['Cat', 'Parrot', 'Horse']
Available runners: ['Cat', 'Parrot', 'Horse']
Added runner 0: Cat
Added runner 1: Parrot
Added runner 2: Horse
Available custom runners: ['mona-whisper']
Added custom runner 0: mona-whisper
Runner menu actions: 5
Available runners: ['Cat', 'Parrot', 'Horse']
Added runner 0: Cat
Added runner 1: Parrot
Added runner 2: Horse
Available custom runners: ['mona-whisper']
Added custom runner 0: mona-whisper
Runner menu actions: 5
Available runners: ['Cat', 'Parrot', 'Horse']
Added runner 0: Cat
Added runner 1: Parrot
Added runner 2: Horse
Available custom runners: ['2333609406', 'mona-whisper']
Added custom runner 0: 2333609406
Added custom runner 1: mona-whisper
Runner menu actions: 6
Available runners: ['Cat', 'Parrot', 'Horse']
Added runner 0: Cat
Added runner 1: Parrot
Added runner 2: Horse
Available custom runners: ['2333609406', 'mona-whisper']
Added custom runner 0: 2333609406
Added custom runner 1: mona-whisper
Runner menu actions: 6
Available runners: ['Cat', 'Parrot', 'Horse']
Added runner 0: Cat
Added runner 1: Parrot
Added runner 2: Horse
Available custom runners: ['2333609406', 'mona-whisper']
Added custom runner 0: 2333609406
Added custom runner 1: mona-whisper
Runner menu actions: 6
Available runners: ['Cat', 'Parrot', 'Horse']
Added runner 0: Cat
Added runner 1: Parrot
Added runner 2: Horse
Available custom runners: ['2333609406', 'mona-whisper']
Added custom runner 0: 2333609406
Added custom runner 1: mona-whisper
Runner menu actions: 6
Available runners: ['Cat', 'Parrot', 'Horse']
Added runner 0: Cat
Added runner 1: Parrot
Added runner 2: Horse
Available custom runners: ['2333609406', 'mona-whisper']
Added custom runner 0: 2333609406
Added custom runner 1: mona-whisper
Runner menu actions: 6
Available runners: ['Cat', 'Parrot', 'Horse']
Added runner 0: Cat
Added runner 1: Parrot
Added runner 2: Horse
Available custom runners: ['2333609406', 'mona-whisper']
Added custom runner 0: 2333609406
Added custom runner 1: mona-whisper
Runner menu actions: 6
Available runners: ['Cat', 'Parrot', 'Horse']
Added runner 0: Cat
Added runner 1: Parrot
Added runner 2: Horse
Available custom runners: ['2333609406', 'mona-whisper']
Added custom runner 0: 2333609406
Added custom runner 1: mona-whisper
Runner menu actions: 6
Available runners: ['Cat', 'Parrot', 'Horse']
Added runner 0: Cat
Added runner 1: Parrot
Added runner 2: Horse
Available custom runners: ['2333609406', 'mona-whisper']
Added custom runner 0: 2333609406
Added custom runner 1: mona-whisper
Runner menu actions: 6
Available runners: ['Cat', 'Parrot', 'Horse']
Added runner 0: Cat
Added runner 1: Parrot
Added runner 2: Horse
Available custom runners: ['2333609406', 'mona-whisper']
Added custom runner 0: 2333609406
Added custom runner 1: mona-whisper
Runner menu actions: 6
Available runners: ['Cat', 'Parrot', 'Horse']
Added runner 0: Cat
Added runner 1: Parrot
Added runner 2: Horse
Available custom runners: ['2333609406', 'mona-whisper']
Added custom runner 0: 2333609406
Added custom runner 1: mona-whisper
Runner menu actions: 6
Available runners: ['Cat', 'Parrot', 'Horse']
Added runner 0: Cat
Added runner 1: Parrot
Added runner 2: Horse
Available custom runners: ['2333609406', 'mona-whisper']
Added custom runner 0: 2333609406
Added custom runner 1: mona-whisper
Runner menu actions: 6
Runner manager initialized with runners: ['Cat', 'Parrot', 'Horse']
Available runners: ['Cat', 'Parrot', 'Horse']
Added runner 0: Cat
Added runner 1: Parrot
Added runner 2: Horse
Available custom runners: ['2333609406', 'mona-whisper']
Added custom runner 0: 2333609406
Added custom runner 1: mona-whisper
Runner menu actions: 6
Runner manager initialized with runners: ['Cat', 'Parrot', 'Horse']
Available runners: ['Cat', 'Parrot', 'Horse']
Added runner 0: Cat
Added runner 1: Parrot
Added runner 2: Horse
Available custom runners: ['2333609406', 'mona-whisper']
Added custom runner 0: 2333609406
Added custom runner 1: mona-whisper
Runner menu actions: 6
Available runners: ['Cat', 'Parrot', 'Horse']
Added runner 0: Cat
Added runner 1: Parrot
Added runner 2: Horse
Available custom runners: ['2333609406', 'mona-whisper']
Added custom runner 0: 2333609406
Added custom runner 1: mona-whisper
Runner menu actions: 6
Available runners: ['Cat', 'Parrot', 'Horse']
Added runner 0: Cat
Added runner 1: Parrot
Added runner 2: Horse
Available custom runners: ['2333609406', 'mona-whisper']
Added custom runner 0: 2333609406
Added custom runner 1: mona-whisper
Runner menu actions: 6
Available runners: ['Cat', 'Parrot', 'Horse']
Added runner 0: Cat
Added runner 1: Parrot
Added runner 2: Horse
Available custom runners: ['2333609406', 'mona-whisper']
Added custom runner 0: 2333609406
Added custom runner 1: mona-whisper
Runner menu actions: 6
Runner manager initialized with runners: ['Cat', 'Parrot', 'Horse']
Available runners: ['Cat', 'Parrot', 'Horse']
Added runner 0: Cat
Added runner 1: Parrot
Added runner 2: Horse
Available custom runners: ['2333609406', 'mona-whisper']
Added custom runner 0: 2333609406
Added custom runner 1: mona-whisper
Runner menu actions: 6
Current runner: 2333609406
Custom runner found: True
Custom runner frames count: 14
Runner manager initialized with runners: ['Cat', 'Parrot', 'Horse']
Available runners: ['Cat', 'Parrot', 'Horse']
Added runner 0: Cat
Added runner 1: Parrot
Added runner 2: Horse
Available custom runners: ['2333609406', 'mona-whisper']
Added custom runner 0: 2333609406
Added custom runner 1: mona-whisper
Runner menu actions: 6
Current runner: 2333609406
Custom runner found: True
Custom runner frames count: 14
Runner manager initialized with runners: ['Cat', 'Parrot', 'Horse']
Available runners: ['Cat', 'Parrot', 'Horse']
Added runner 0: Cat
Added runner 1: Parrot
Added runner 2: Horse
Available custom runners: ['2333609406', 'mona-whisper']
Added custom runner 0: 2333609406
Added custom runner 1: mona-whisper
Runner menu actions: 6
Current runner: 2333609406
Custom runner found: True
Custom runner frames count: 14
Current runner: mona-whisper
Custom runner found: True
Custom runner frames count: 12
Available runners: ['Cat', 'Parrot', 'Horse']
Added runner 0: Cat
Added runner 1: Parrot
Added runner 2: Horse
Available custom runners: ['2333609406', 'mona-whisper']
Added custom runner 0: 2333609406
Added custom runner 1: mona-whisper
Runner menu actions: 6
Current runner: Parrot
Custom runner found: False
Built-in runner frames count: 10
Available runners: ['Cat', 'Parrot', 'Horse']
Added runner 0: Cat
Added runner 1: Parrot
Added runner 2: Horse
Available custom runners: ['2333609406', 'mona-whisper']
Added custom runner 0: 2333609406
Added custom runner 1: mona-whisper
Runner menu actions: 6
Current runner: Cat
Custom runner found: False
Built-in runner frames count: 5
Available runners: ['Cat', 'Parrot', 'Horse']
Added runner 0: Cat
Added runner 1: Parrot
Added runner 2: Horse
Available custom runners: ['2333609406', 'mona-whisper']
Added custom runner 0: 2333609406
Added custom runner 1: mona-whisper
Runner menu actions: 6
Available runners: ['Cat', 'Parrot', 'Horse']
Added runner 0: Cat
Added runner 1: Parrot
Added runner 2: Horse
Available custom runners: ['2333609406', 'mona-whisper']
Added custom runner 0: 2333609406
Added custom runner 1: mona-whisper
Runner menu actions: 6
Runner manager initialized with runners: ['Cat', 'Parrot', 'Horse']
Available runners: ['Cat', 'Parrot', 'Horse']
Added runner 0: Cat
Added runner 1: Parrot
Added runner 2: Horse
Available custom runners: ['2333609406', 'mona-whisper']
Added custom runner 0: 2333609406
Added custom runner 1: mona-whisper
Runner menu actions: 6
Current runner: Cat
Custom runner found: False
Built-in runner frames count: 5
Available runners: ['Cat', 'Parrot', 'Horse']
Added runner 0: Cat
Added runner 1: Parrot
Added runner 2: Horse
Available custom runners: ['2333609406', 'mona-whisper', 'Ïß̀ơĐ¡¹·Đ¡°×']
Added custom runner 0: 2333609406
Added custom runner 1: mona-whisper
Added custom runner 2: Ïß̀ơĐ¡¹·Đ¡°×
Runner menu actions: 7
Current runner: Ïß̀ơĐ¡¹·Đ¡°×
Custom runner found: True
Custom runner frames count: 12
Available runners: ['Cat', 'Parrot', 'Horse']
Added runner 0: Cat
Added runner 1: Parrot
Added runner 2: Horse
Available custom runners: ['2333609406', 'mona-whisper', 'Ïß̀ơĐ¡¹·Đ¡°×']
Added custom runner 0: 2333609406
Added custom runner 1: mona-whisper
Added custom runner 2: Ïß̀ơĐ¡¹·Đ¡°×
Runner menu actions: 7
Runner manager initialized with runners: ['Cat', 'Parrot', 'Horse']
Available runners: ['Cat', 'Parrot', 'Horse']
Added runner 0: Cat
Added runner 1: Parrot
Added runner 2: Horse
Available custom runners: ['2333609406', 'mona-whisper', 'Ïß̀ơĐ¡¹·Đ¡°×']
Added custom runner 0: 2333609406
Added custom runner 1: mona-whisper
Added custom runner 2: Ïß̀ơĐ¡¹·Đ¡°×
Runner menu actions: 7
Current runner: Ïß̀ơĐ¡¹·Đ¡°×
Custom runner found: True
Custom runner frames count: 12
Runner manager initialized with runners: ['Cat', 'Parrot', 'Horse']
Available runners: ['Cat', 'Parrot', 'Horse']
Added runner 0: Cat
Added runner 1: Parrot
Added runner 2: Horse
Available custom runners: ['2333609406', 'mona-whisper', 'Ïß̀ơĐ¡¹·Đ¡°×']
Added custom runner 0: 2333609406
Added custom runner 1: mona-whisper
Added custom runner 2: Ïß̀ơĐ¡¹·Đ¡°×
Runner menu actions: 7
Current runner: Ïß̀ơĐ¡¹·Đ¡°×
Custom runner found: True
Custom runner frames count: 12
Current runner: Ïß̀ơĐ¡¹·Đ¡°×
Custom runner found: True
Custom runner frames count: 12
Runner manager initialized with runners: ['Cat', 'Parrot', 'Horse']
Available runners: ['Cat', 'Parrot', 'Horse']
Added runner 0: Cat
Added runner 1: Parrot
Added runner 2: Horse
Available custom runners: ['2333609406', 'mona-whisper', 'Ïß̀ơĐ¡¹·Đ¡°×']
Added custom runner 0: 2333609406
Added custom runner 1: mona-whisper
Added custom runner 2: Ïß̀ơĐ¡¹·Đ¡°×
Runner menu actions: 7
Current runner: Ïß̀ơĐ¡¹·Đ¡°×
Custom runner found: True
Custom runner frames count: 12
Runner manager initialized with runners: ['Cat', 'Parrot', 'Horse']
Available runners: ['Cat', 'Parrot', 'Horse']
Added runner 0: Cat
Added runner 1: Parrot
Added runner 2: Horse
Available custom runners: ['2333609406', 'mona-whisper', 'Ïß̀ơĐ¡¹·Đ¡°×']
Added custom runner 0: 2333609406
Added custom runner 1: mona-whisper
Added custom runner 2: Ïß̀ơĐ¡¹·Đ¡°×
Runner menu actions: 7
Current runner: Ïß̀ơĐ¡¹·Đ¡°×
Custom runner found: True
Custom runner frames count: 12
Current runner: Ïß̀ơĐ¡¹·Đ¡°×
Custom runner found: True
Custom runner frames count: 12
Current runner: mona-whisper
Custom runner found: True
Custom runner frames count: 12
Available runners: ['Cat', 'Parrot', 'Horse']
Added runner 0: Cat
Added runner 1: Parrot
Added runner 2: Horse
Available custom runners: ['2333609406', 'mona-whisper', 'Ïß̀ơĐ¡¹·Đ¡°×']
Added custom runner 0: 2333609406
Added custom runner 1: mona-whisper
Added custom runner 2: Ïß̀ơĐ¡¹·Đ¡°×
Runner menu actions: 7
Current runner: Horse
Custom runner found: False
Built-in runner frames count: 5
Available runners: ['Cat', 'Parrot', 'Horse']
Added runner 0: Cat
Added runner 1: Parrot
Added runner 2: Horse
Available custom runners: ['2333609406', 'mona-whisper', 'Ïß̀ơĐ¡¹·Đ¡°×']
Added custom runner 0: 2333609406
Added custom runner 1: mona-whisper
Added custom runner 2: Ïß̀ơĐ¡¹·Đ¡°×
Runner menu actions: 7
Current runner: Cat
Custom runner found: False
Built-in runner frames count: 5
Available runners: ['Cat', 'Parrot', 'Horse']
Added runner 0: Cat
Added runner 1: Parrot
Added runner 2: Horse
Available custom runners: ['2333609406', 'mona-whisper', 'Ïß̀ơĐ¡¹·Đ¡°×']
Added custom runner 0: 2333609406
Added custom runner 1: mona-whisper
Added custom runner 2: Ïß̀ơĐ¡¹·Đ¡°×
Runner menu actions: 7
Available runners: ['Cat', 'Parrot', 'Horse']
Added runner 0: Cat
Added runner 1: Parrot
Added runner 2: Horse
Available custom runners: ['mona-whisper', 'Ïß̀ơĐ¡¹·Đ¡°×']
Added custom runner 0: mona-whisper
Added custom runner 1: Ïß̀ơĐ¡¹·Đ¡°×
Runner menu actions: 6
Current runner: Ïß̀ơĐ¡¹·Đ¡°×
Custom runner found: True
Custom runner frames count: 12
Available runners: ['Cat', 'Parrot', 'Horse']
Added runner 0: Cat
Added runner 1: Parrot
Added runner 2: Horse
Available custom runners: ['mona-whisper', 'Ïß̀ơĐ¡¹·Đ¡°×']
Added custom runner 0: mona-whisper
Added custom runner 1: Ïß̀ơĐ¡¹·Đ¡°×
Runner menu actions: 6
Current runner: Ïß̀ơĐ¡¹·Đ¡°×
Custom runner found: True
Custom runner frames count: 12
Available runners: ['Cat', 'Parrot', 'Horse']
Added runner 0: Cat
Added runner 1: Parrot
Added runner 2: Horse
Available custom runners: ['mona-whisper', 'Ïß̀ơĐ¡¹·Đ¡°×']
Added custom runner 0: mona-whisper
Added custom runner 1: Ïß̀ơĐ¡¹·Đ¡°×
Runner menu actions: 6
Runner manager initialized with runners: ['Cat', 'Parrot', 'Horse']
Available runners: ['Cat', 'Parrot', 'Horse']
Added runner 0: Cat
Added runner 1: Parrot
Added runner 2: Horse
Available custom runners: ['mona-whisper', 'Ïß̀ơĐ¡¹·Đ¡°×']
Added custom runner 0: mona-whisper
Added custom runner 1: Ïß̀ơĐ¡¹·Đ¡°×
Runner menu actions: 6
Current runner: Ïß̀ơĐ¡¹·Đ¡°×
Custom runner found: True
Custom runner frames count: 12
Current runner: Horse
Custom runner found: False
Built-in runner frames count: 5
Available runners: ['Cat', 'Parrot', 'Horse']
Added runner 0: Cat
Added runner 1: Parrot
Added runner 2: Horse
Available custom runners: ['mona-whisper', 'Ïß̀ơĐ¡¹·Đ¡°×']
Added custom runner 0: mona-whisper
Added custom runner 1: Ïß̀ơĐ¡¹·Đ¡°×
Runner menu actions: 6
Current runner: Horse
Custom runner found: False
Built-in runner frames count: 5
Current runner: Cat
Custom runner found: False
Built-in runner frames count: 5
Available runners: ['Cat', 'Parrot', 'Horse']
Added runner 0: Cat
Added runner 1: Parrot
Added runner 2: Horse
Available custom runners: ['mona-whisper', 'Ïß̀ơĐ¡¹·Đ¡°×']
Added custom runner 0: mona-whisper
Added custom runner 1: Ïß̀ơĐ¡¹·Đ¡°×
Runner menu actions: 6
Current runner: Cat
Custom runner found: False
Built-in runner frames count: 5
Current runner: Cat
Custom runner found: False
Built-in runner frames count: 5
Current runner: Cat
Custom runner found: False
Built-in runner frames count: 5
Current runner: Cat
Custom runner found: False
Built-in runner frames count: 5
Current runner: Cat
Custom runner found: False
Built-in runner frames count: 5
Current runner: Ïß̀ơĐ¡¹·Đ¡°×
Custom runner found: True
Custom runner frames count: 12
Available runners: ['Cat', 'Parrot', 'Horse']
Added runner 0: Cat
Added runner 1: Parrot
Added runner 2: Horse
Available custom runners: ['mona-whisper', 'Ïß̀ơĐ¡¹·Đ¡°×']
Added custom runner 0: mona-whisper
Added custom runner 1: Ïß̀ơĐ¡¹·Đ¡°×
Runner menu actions: 6
Runner manager initialized with runners: ['Cat', 'Parrot', 'Horse']
Available runners: ['Cat', 'Parrot', 'Horse']
Added runner 0: Cat
Added runner 1: Parrot
Added runner 2: Horse
Available custom runners: ['mona-whisper', 'Ïß̀ơĐ¡¹·Đ¡°×']
Added custom runner 0: mona-whisper
Added custom runner 1: Ïß̀ơĐ¡¹·Đ¡°×
Runner menu actions: 6
Current runner: Ïß̀ơĐ¡¹·Đ¡°×
Custom runner found: True
Custom runner frames count: 12
Runner manager initialized with runners: ['Cat', 'Parrot', 'Horse']
Available runners: ['Cat', 'Parrot', 'Horse']
Added runner 0: Cat
Added runner 1: Parrot
Added runner 2: Horse
Available custom runners: ['mona-whisper', 'Ïß̀ơĐ¡¹·Đ¡°×']
Added custom runner 0: mona-whisper
Added custom runner 1: Ïß̀ơĐ¡¹·Đ¡°×
Runner menu actions: 6
Current runner: Ïß̀ơĐ¡¹·Đ¡°×
Custom runner found: True
Custom runner frames count: 12
Current runner: Ïß̀ơĐ¡¹·Đ¡°×
Custom runner found: True
Custom runner frames count: 12
Language changed to: ÖĐÎÄ
Language changed to: English
Available runners: ['Cat', 'Parrot', 'Horse']
Added runner 0: Cat
Added runner 1: Parrot
Added runner 2: Horse
Available custom runners: ['mona-whisper', 'Ïß̀ơĐ¡¹·Đ¡°×']
Added custom runner 0: mona-whisper
Added custom runner 1: Ïß̀ơĐ¡¹·Đ¡°×
Runner menu actions: 6
Runner manager initialized with runners: ['Cat', 'Parrot', 'Horse']
Available runners: ['Cat', 'Parrot', 'Horse']
Added runner 0: Cat
Added runner 1: Parrot
Added runner 2: Horse
Available custom runners: ['mona-whisper', 'Ïß̀ơĐ¡¹·Đ¡°×']
Added custom runner 0: mona-whisper
Added custom runner 1: Ïß̀ơĐ¡¹·Đ¡°×
Runner menu actions: 6
Current runner: Ïß̀ơĐ¡¹·Đ¡°×
Custom runner found: True
Custom runner frames count: 12
Current runner: Ïß̀ơĐ¡¹·Đ¡°×
Custom runner found: True
Custom runner frames count: 12
Current runner: Ïß̀ơĐ¡¹·Đ¡°×
Custom runner found: True
Custom runner frames count: 12
Runner manager initialized with runners: ['Cat', 'Parrot', 'Horse']
Available runners: ['Cat', 'Parrot', 'Horse']
Added runner 0: Cat
Added runner 1: Parrot
Added runner 2: Horse
Available custom runners: ['mona-whisper', 'Ïß̀ơĐ¡¹·Đ¡°×']
Added custom runner 0: mona-whisper
Added custom runner 1: Ïß̀ơĐ¡¹·Đ¡°×
Runner menu actions: 6
Current runner: Ïß̀ơĐ¡¹·Đ¡°×
Custom runner found: True
Custom runner frames count: 12
Runner manager initialized with runners: ['Cat', 'Parrot', 'Horse']
Available runners: ['Cat', 'Parrot', 'Horse']
Added runner 0: Cat
Added runner 1: Parrot
Added runner 2: Horse
Available custom runners: ['mona-whisper', 'Ïß̀ơĐ¡¹·Đ¡°×']
Added custom runner 0: mona-whisper
Added custom runner 1: Ïß̀ơĐ¡¹·Đ¡°×
Runner menu actions: 6
Current runner: Ïß̀ơĐ¡¹·Đ¡°×
Custom runner found: True
Custom runner frames count: 12
Runner manager initialized with runners: ['Cat', 'Parrot', 'Horse']
Available runners: ['Cat', 'Parrot', 'Horse']
Added runner 0: Cat
Added runner 1: Parrot
Added runner 2: Horse
Available custom runners: ['mona-whisper', 'Ïß̀ơĐ¡¹·Đ¡°×']
Added custom runner 0: mona-whisper
Added custom runner 1: Ïß̀ơĐ¡¹·Đ¡°×
Runner menu actions: 6
Current runner: Ïß̀ơĐ¡¹·Đ¡°×
Custom runner found: True
Custom runner frames count: 12
Language changed to: ÖĐÎÄ
Language changed to: English
Runner manager initialized with runners: ['Cat', 'Parrot', 'Horse']
Available runners: ['Cat', 'Parrot', 'Horse']
Added runner 0: Cat
Added runner 1: Parrot
Added runner 2: Horse
Available custom runners: ['mona-whisper', 'Ïß̀ơĐ¡¹·Đ¡°×']
Added custom runner 0: mona-whisper
Added custom runner 1: Ïß̀ơĐ¡¹·Đ¡°×
Runner menu actions: 6
Current runner: Ïß̀ơĐ¡¹·Đ¡°×
Custom runner found: True
Custom runner frames count: 12
Available runners: ['Cat', 'Parrot', 'Horse']
Added runner 0: Cat
Added runner 1: Parrot
Added runner 2: Horse
Available custom runners: ['mona-whisper', 'Ïß̀ơĐ¡¹·Đ¡°×']
Added custom runner 0: mona-whisper
Added custom runner 1: Ïß̀ơĐ¡¹·Đ¡°×
Runner menu actions: 6
Current runner: Ïß̀ơĐ¡¹·Đ¡°×
Custom runner found: True
Custom runner frames count: 12
Current runner: mona-whisper
Custom runner found: True
Custom runner frames count: 12
Available runners: ['Cat', 'Parrot', 'Horse']
Added runner 0: Cat
Added runner 1: Parrot
Added runner 2: Horse
Available custom runners: ['mona-whisper', 'Ïß̀ơĐ¡¹·Đ¡°×']
Added custom runner 0: mona-whisper
Added custom runner 1: Ïß̀ơĐ¡¹·Đ¡°×
Runner menu actions: 6
Current runner: Horse
Custom runner found: False
Built-in runner frames count: 5
Available runners: ['Cat', 'Parrot', 'Horse']
Added runner 0: Cat
Added runner 1: Parrot
Added runner 2: Horse
Available custom runners: ['mona-whisper', 'Ïß̀ơĐ¡¹·Đ¡°×']
Added custom runner 0: mona-whisper
Added custom runner 1: Ïß̀ơĐ¡¹·Đ¡°×
Runner menu actions: 6
Runner manager initialized with runners: ['Cat', 'Parrot', 'Horse']
Available runners: ['Cat', 'Parrot', 'Horse']
Added runner 0: Cat
Added runner 1: Parrot
Added runner 2: Horse
Available custom runners: ['mona-whisper', 'Ïß̀ơĐ¡¹·Đ¡°×']
Added custom runner 0: mona-whisper
Added custom runner 1: Ïß̀ơĐ¡¹·Đ¡°×
Runner menu actions: 6
Current runner: Horse
Custom runner found: False
Built-in runner frames count: 5
Runner manager initialized with runners: ['Cat', 'Parrot', 'Horse']
Available runners: ['Cat', 'Parrot', 'Horse']
Added runner 0: Cat
Added runner 1: Parrot
Added runner 2: Horse
Available custom runners: ['mona-whisper', 'Ïß̀ơĐ¡¹·Đ¡°×']
Added custom runner 0: mona-whisper
Added custom runner 1: Ïß̀ơĐ¡¹·Đ¡°×
Runner menu actions: 6
Current runner: Horse
Custom runner found: False
Built-in runner frames count: 5
Current runner: Ïß̀ơĐ¡¹·Đ¡°×
Custom runner found: True
Custom runner frames count: 12
Available runners: ['Cat', 'Parrot', 'Horse']
Added runner 0: Cat
Added runner 1: Parrot
Added runner 2: Horse
Available custom runners: ['mona-whisper', 'Ïß̀ơĐ¡¹·Đ¡°×']
Added custom runner 0: mona-whisper
Added custom runner 1: Ïß̀ơĐ¡¹·Đ¡°×
Runner menu actions: 6
Runner manager initialized with runners: ['Cat', 'Parrot', 'Horse']
Available runners: ['Cat', 'Parrot', 'Horse']
Added runner 0: Cat
Added runner 1: Parrot
Added runner 2: Horse
Available custom runners: ['mona-whisper', 'Ïß̀ơĐ¡¹·Đ¡°×']
Added custom runner 0: mona-whisper
Added custom runner 1: Ïß̀ơĐ¡¹·Đ¡°×
Runner menu actions: 6
Current runner: Ïß̀ơĐ¡¹·Đ¡°×
Custom runner found: True
Custom runner frames count: 12
Language changed to: ÖĐÎÄ
Runner manager initialized with runners: ['Cat', 'Parrot', 'Horse']
Available runners: ['Cat', 'Parrot', 'Horse']
Added runner 0: Cat
Added runner 1: Parrot
Added runner 2: Horse
Available custom runners: ['mona-whisper', 'Ïß̀ơĐ¡¹·Đ¡°×']
Added custom runner 0: mona-whisper
Added custom runner 1: Ïß̀ơĐ¡¹·Đ¡°×
Runner menu actions: 6
Current runner: Ïß̀ơĐ¡¹·Đ¡°×
Custom runner found: True
Custom runner frames count: 12
Available runners: ['Cat', 'Parrot', 'Horse']
Added runner 0: Cat
Added runner 1: Parrot
Added runner 2: Horse
Available custom runners: ['mona-whisper', 'Ïß̀ơĐ¡¹·Đ¡°×']
Added custom runner 0: mona-whisper
Added custom runner 1: Ïß̀ơĐ¡¹·Đ¡°×
Runner menu actions: 6
Language changed to: English
Current runner: Ïß̀ơĐ¡¹·Đ¡°×
Custom runner found: True
Custom runner frames count: 12
Current runner: Ïß̀ơĐ¡¹·Đ¡°×
Custom runner found: True
Custom runner frames count: 12
Available runners: ['Cat', 'Parrot', 'Horse']
Added runner 0: Cat
Added runner 1: Parrot
Added runner 2: Horse
Available custom runners: ['mona-whisper', 'Ïß̀ơĐ¡¹·Đ¡°×']
Added custom runner 0: mona-whisper
Added custom runner 1: Ïß̀ơĐ¡¹·Đ¡°×
Runner menu actions: 6
Runner manager initialized with runners: ['Cat', 'Parrot', 'Horse']
Available runners: ['Cat', 'Parrot', 'Horse']
Added runner 0: Cat
Added runner 1: Parrot
Added runner 2: Horse
Available custom runners: ['mona-whisper', 'Ïß̀ơĐ¡¹·Đ¡°×']
Added custom runner 0: mona-whisper
Added custom runner 1: Ïß̀ơĐ¡¹·Đ¡°×
Runner menu actions: 6
Current runner: Ïß̀ơĐ¡¹·Đ¡°×
Custom runner found: True
Custom runner frames count: 12
Runner manager initialized with runners: ['Cat', 'Parrot', 'Horse']
Available runners: ['Cat', 'Parrot', 'Horse']
Added runner 0: Cat
Added runner 1: Parrot
Added runner 2: Horse
Available custom runners: ['mona-whisper', 'Ïß̀ơĐ¡¹·Đ¡°×']
Added custom runner 0: mona-whisper
Added custom runner 1: Ïß̀ơĐ¡¹·Đ¡°×
Runner menu actions: 6
Current runner: Ïß̀ơĐ¡¹·Đ¡°×
Custom runner found: True
Custom runner frames count: 12
Current runner: Ïß̀ơĐ¡¹·Đ¡°×
Custom runner found: True
Custom runner frames count: 12
Current runner: Ïß̀ơĐ¡¹·Đ¡°×
Custom runner found: True
Custom runner frames count: 12
Available runners: ['Cat', 'Parrot', 'Horse']
Added runner 0: Cat
Added runner 1: Parrot
Added runner 2: Horse
Available custom runners: ['mona-whisper', 'Ïß̀ơĐ¡¹·Đ¡°×']
Added custom runner 0: mona-whisper
Added custom runner 1: Ïß̀ơĐ¡¹·Đ¡°×
Runner menu actions: 6
Runner manager initialized with runners: ['Cat', 'Parrot', 'Horse']
Available runners: ['Cat', 'Parrot', 'Horse']
Added runner 0: Cat
Added runner 1: Parrot
Added runner 2: Horse
Available custom runners: ['mona-whisper', 'Ïß̀ơĐ¡¹·Đ¡°×']
Added custom runner 0: mona-whisper
Added custom runner 1: Ïß̀ơĐ¡¹·Đ¡°×
Runner menu actions: 6
Current runner: Ïß̀ơĐ¡¹·Đ¡°×
Custom runner found: True
Custom runner frames count: 12
Current runner: Ïß̀ơĐ¡¹·Đ¡°×
Custom runner found: True
Custom runner frames count: 12
Current runner: Ïß̀ơĐ¡¹·Đ¡°×
Custom runner found: True
Custom runner frames count: 12
Current runner: Ïß̀ơĐ¡¹·Đ¡°×
Custom runner found: True
Custom runner frames count: 12
Available runners: ['Cat', 'Parrot', 'Horse']
Added runner 0: Cat
Added runner 1: Parrot
Added runner 2: Horse
Available custom runners: ['mona-whisper', 'Ïß̀ơĐ¡¹·Đ¡°×']
Added custom runner 0: mona-whisper
Added custom runner 1: Ïß̀ơĐ¡¹·Đ¡°×
Runner menu actions: 6
Language changed to: ÖĐÎÄ
Current runner: Ïß̀ơĐ¡¹·Đ¡°×
Custom runner found: True
Custom runner frames count: 12
Available runners: ['Cat', 'Parrot', 'Horse']
Added runner 0: Cat
Added runner 1: Parrot
Added runner 2: Horse
Available custom runners: ['mona-whisper', 'Ïß̀ơĐ¡¹·Đ¡°×']
Added custom runner 0: mona-whisper
Added custom runner 1: Ïß̀ơĐ¡¹·Đ¡°×
Runner menu actions: 6
Current runner: Ïß̀ơĐ¡¹·Đ¡°×
Custom runner found: True
Custom runner frames count: 12
Current runner: Ïß̀ơĐ¡¹·Đ¡°×
Custom runner found: True
Custom runner frames count: 12
Current runner: Ïß̀ơĐ¡¹·Đ¡°×
Custom runner found: True
Custom runner frames count: 12
Current runner: Ïß̀ơĐ¡¹·Đ¡°×
Custom runner found: True
Custom runner frames count: 12
Runner manager initialized with runners: ['Cat', 'Parrot', 'Horse']
Available runners: ['Cat', 'Parrot', 'Horse']
Added runner 0: Cat
Added runner 1: Parrot
Added runner 2: Horse
Available custom runners: ['mona-whisper', 'Ïß̀ơĐ¡¹·Đ¡°×']
Added custom runner 0: mona-whisper
Added custom runner 1: Ïß̀ơĐ¡¹·Đ¡°×
Runner menu actions: 6
Current runner: Ïß̀ơĐ¡¹·Đ¡°×
Custom runner found: True
Custom runner frames count: 12
Current runner: Ïß̀ơĐ¡¹·Đ¡°×
Custom runner found: True
Custom runner frames count: 12
Available runners: ['Cat', 'Parrot', 'Horse']
Added runner 0: Cat
Added runner 1: Parrot
Added runner 2: Horse
Available custom runners: ['mona-whisper', 'Ïß̀ơĐ¡¹·Đ¡°×']
Added custom runner 0: mona-whisper
Added custom runner 1: Ïß̀ơĐ¡¹·Đ¡°×
Runner menu actions: 6
Current runner: Ïß̀ơĐ¡¹·Đ¡°×
Custom runner found: True
Custom runner frames count: 12
Available runners: ['Cat', 'Parrot', 'Horse']
Added runner 0: Cat
Added runner 1: Parrot
Added runner 2: Horse
Available custom runners: ['mona-whisper', 'Ïß̀ơĐ¡¹·Đ¡°×']
Added custom runner 0: mona-whisper
Added custom runner 1: Ïß̀ơĐ¡¹·Đ¡°×
Runner menu actions: 6
Current runner: Ïß̀ơĐ¡¹·Đ¡°×
Custom runner found: True
Custom runner frames count: 12
Available runners: ['Cat', 'Parrot', 'Horse']
Added runner 0: Cat
Added runner 1: Parrot
Added runner 2: Horse
Available custom runners: ['mona-whisper', 'Ïß̀ơĐ¡¹·Đ¡°×']
Added custom runner 0: mona-whisper
Added custom runner 1: Ïß̀ơĐ¡¹·Đ¡°×
Runner menu actions: 6
Available runners: ['Cat', 'Parrot', 'Horse']
Added runner 0: Cat
Added runner 1: Parrot
Added runner 2: Horse
Available custom runners: ['mona-whisper', 'Ïß̀ơĐ¡¹·Đ¡°×']
Added custom runner 0: mona-whisper
Added custom runner 1: Ïß̀ơĐ¡¹·Đ¡°×
Runner menu actions: 6
Current runner: Ïß̀ơĐ¡¹·Đ¡°×
Custom runner found: True
Custom runner frames count: 12
Available runners: ['Cat', 'Parrot', 'Horse']
Added runner 0: Cat
Added runner 1: Parrot
Added runner 2: Horse
Available custom runners: ['mona-whisper', 'Ïß̀ơĐ¡¹·Đ¡°×']
Added custom runner 0: mona-whisper
Added custom runner 1: Ïß̀ơĐ¡¹·Đ¡°×
Runner menu actions: 6
Runner manager initialized with runners: ['Cat', 'Parrot', 'Horse']
Available runners: ['Cat', 'Parrot', 'Horse']
Added runner 0: Cat
Added runner 1: Parrot
Added runner 2: Horse
Available custom runners: ['mona-whisper', 'Ïß̀ơĐ¡¹·Đ¡°×']
Added custom runner 0: mona-whisper
Added custom runner 1: Ïß̀ơĐ¡¹·Đ¡°×
Runner menu actions: 6
Current runner: Ïß̀ơĐ¡¹·Đ¡°×
Custom runner found: True
Custom runner frames count: 12
Current runner: Ïß̀ơĐ¡¹·Đ¡°×
Custom runner found: True
Custom runner frames count: 12
Available runners: ['Cat', 'Parrot', 'Horse']
Added runner 0: Cat
Added runner 1: Parrot
Added runner 2: Horse
Available custom runners: ['mona-whisper', 'Ïß̀ơĐ¡¹·Đ¡°×']
Added custom runner 0: mona-whisper
Added custom runner 1: Ïß̀ơĐ¡¹·Đ¡°×
Runner menu actions: 6
Available runners: ['Cat', 'Parrot', 'Horse']
Added runner 0: Cat
Added runner 1: Parrot
Added runner 2: Horse
Available custom runners: ['mona-whisper', 'Ïß̀ơĐ¡¹·Đ¡°×']
Added custom runner 0: mona-whisper
Added custom runner 1: Ïß̀ơĐ¡¹·Đ¡°×
Runner menu actions: 6
Language changed to: English
Available runners: ['Cat', 'Parrot', 'Horse']
Added runner 0: Cat
Added runner 1: Parrot
Added runner 2: Horse
Available custom runners: ['mona-whisper', 'À­²¼²¼', 'Ïß̀ơĐ¡¹·Đ¡°×']
Added custom runner 0: mona-whisper
Added custom runner 1: À­²¼²¼
Added custom runner 2: Ïß̀ơĐ¡¹·Đ¡°×
Runner menu actions: 7
Current runner: À­²¼²¼
Custom runner found: True
Custom runner frames count: 10
Available runners: ['Cat', 'Parrot', 'Horse']
Added runner 0: Cat
Added runner 1: Parrot
Added runner 2: Horse
Available custom runners: ['mona-whisper', 'À­²¼²¼', 'Ïß̀ơĐ¡¹·Đ¡°×']
Added custom runner 0: mona-whisper
Added custom runner 1: À­²¼²¼
Added custom runner 2: Ïß̀ơĐ¡¹·Đ¡°×
Runner menu actions: 7
Current runner: Ïß̀ơĐ¡¹·Đ¡°×
Custom runner found: True
Custom runner frames count: 12
Available runners: ['Cat', 'Parrot', 'Horse']
Added runner 0: Cat
Added runner 1: Parrot
Added runner 2: Horse
Available custom runners: ['mona-whisper', 'À­²¼²¼', 'Ïß̀ơĐ¡¹·Đ¡°×']
Added custom runner 0: mona-whisper
Added custom runner 1: À­²¼²¼
Added custom runner 2: Ïß̀ơĐ¡¹·Đ¡°×
Runner menu actions: 7
Available runners: ['Cat', 'Parrot', 'Horse']
Added runner 0: Cat
Added runner 1: Parrot
Added runner 2: Horse
Available custom runners: ['mona-whisper', 'À­²¼²¼', 'Ïß̀ơĐ¡¹·Đ¡°×']
Added custom runner 0: mona-whisper
Added custom runner 1: À­²¼²¼
Added custom runner 2: Ïß̀ơĐ¡¹·Đ¡°×
Runner menu actions: 7
Runner manager initialized with runners: ['Cat', 'Parrot', 'Horse']
Available runners: ['Cat', 'Parrot', 'Horse']
Added runner 0: Cat
Added runner 1: Parrot
Added runner 2: Horse
Available custom runners: ['mona-whisper', 'À­²¼²¼', 'Ïß̀ơĐ¡¹·Đ¡°×']
Added custom runner 0: mona-whisper
Added custom runner 1: À­²¼²¼
Added custom runner 2: Ïß̀ơĐ¡¹·Đ¡°×
Runner menu actions: 7
Current runner: Ïß̀ơĐ¡¹·Đ¡°×
Custom runner found: True
Custom runner frames count: 12
Current runner: Ïß̀ơĐ¡¹·Đ¡°×
Custom runner found: True
Custom runner frames count: 12
Available runners: ['Cat', 'Parrot', 'Horse']
Added runner 0: Cat
Added runner 1: Parrot
Added runner 2: Horse
Available custom runners: ['mona-whisper', 'À­²¼²¼', 'Ïß̀ơĐ¡¹·Đ¡°×']
Added custom runner 0: mona-whisper
Added custom runner 1: À­²¼²¼
Added custom runner 2: Ïß̀ơĐ¡¹·Đ¡°×
Runner menu actions: 7
Available runners: ['Cat', 'Parrot', 'Horse']
Added runner 0: Cat
Added runner 1: Parrot
Added runner 2: Horse
Available custom runners: ['mona-whisper', 'Ïß̀ơĐ¡¹·Đ¡°×']
Added custom runner 0: mona-whisper
Added custom runner 1: Ïß̀ơĐ¡¹·Đ¡°×
Runner menu actions: 6
Current runner: Ïß̀ơĐ¡¹·Đ¡°×
Custom runner found: True
Custom runner frames count: 12
Available runners: ['Cat', 'Parrot', 'Horse']
Added runner 0: Cat
Added runner 1: Parrot
Added runner 2: Horse
Available custom runners: ['mona-whisper', 'Ïß̀ơĐ¡¹·Đ¡°×']
Added custom runner 0: mona-whisper
Added custom runner 1: Ïß̀ơĐ¡¹·Đ¡°×
Runner menu actions: 6
Available runners: ['Cat', 'Parrot', 'Horse']
Added runner 0: Cat
Added runner 1: Parrot
Added runner 2: Horse
Available custom runners: ['mona-whisper', 'Ïß̀ơĐ¡¹·Đ¡°×']
Added custom runner 0: mona-whisper
Added custom runner 1: Ïß̀ơĐ¡¹·Đ¡°×
Runner menu actions: 6
Language changed to: ÖĐÎÄ
Runner manager initialized with runners: ['Cat', 'Parrot', 'Horse']
Available runners: ['Cat', 'Parrot', 'Horse']
Added runner 0: Cat
Added runner 1: Parrot
Added runner 2: Horse
Available custom runners: ['mona-whisper', 'Ïß̀ơĐ¡¹·Đ¡°×']
Added custom runner 0: mona-whisper
Added custom runner 1: Ïß̀ơĐ¡¹·Đ¡°×
Runner menu actions: 6
Current runner: Ïß̀ơĐ¡¹·Đ¡°×
Custom runner found: True
Custom runner frames count: 12
Available runners: ['Cat', 'Parrot', 'Horse']
Added runner 0: Cat
Added runner 1: Parrot
Added runner 2: Horse
Available custom runners: ['mona-whisper', 'Ïß̀ơĐ¡¹·Đ¡°×']
Added custom runner 0: mona-whisper
Added custom runner 1: Ïß̀ơĐ¡¹·Đ¡°×
Runner menu actions: 6
Available runners: ['Cat', 'Parrot', 'Horse']
Added runner 0: Cat
Added runner 1: Parrot
Added runner 2: Horse
Available custom runners: ['mona-whisper', 'Ïß̀ơĐ¡¹·Đ¡°×']
Added custom runner 0: mona-whisper
Added custom runner 1: Ïß̀ơĐ¡¹·Đ¡°×
Runner menu actions: 6
Available runners: ['Cat', 'Parrot', 'Horse']
Added runner 0: Cat
Added runner 1: Parrot
Added runner 2: Horse
Available custom runners: ['mona-whisper', 'Ïß̀ơĐ¡¹·Đ¡°×']
Added custom runner 0: mona-whisper
Added custom runner 1: Ïß̀ơĐ¡¹·Đ¡°×
Runner menu actions: 6
Language changed to: English
Available runners: ['Cat', 'Parrot', 'Horse']
Added runner 0: Cat
Added runner 1: Parrot
Added runner 2: Horse
Available custom runners: ['mona-whisper', 'Ïß̀ơĐ¡¹·Đ¡°×']
Added custom runner 0: mona-whisper
Added custom runner 1: Ïß̀ơĐ¡¹·Đ¡°×
Runner menu actions: 6
Runner manager initialized with runners: ['Cat', 'Parrot', 'Horse']
Available runners: ['Cat', 'Parrot', 'Horse']
Added runner 0: Cat
Added runner 1: Parrot
Added runner 2: Horse
Available custom runners: ['mona-whisper', 'Ïß̀ơĐ¡¹·Đ¡°×']
Added custom runner 0: mona-whisper
Added custom runner 1: Ïß̀ơĐ¡¹·Đ¡°×
Runner menu actions: 6
Current runner: Ïß̀ơĐ¡¹·Đ¡°×
Custom runner found: True
Custom runner frames count: 12
Available runners: ['Cat', 'Parrot', 'Horse']
Added runner 0: Cat
Added runner 1: Parrot
Added runner 2: Horse
Available custom runners: ['mona-whisper', 'Ïß̀ơĐ¡¹·Đ¡°×']
Added custom runner 0: mona-whisper
Added custom runner 1: Ïß̀ơĐ¡¹·Đ¡°×
Runner menu actions: 6
Language changed to: ÖĐÎÄ
Available runners: ['Cat', 'Parrot', 'Horse']
Added runner 0: Cat
Added runner 1: Parrot
Added runner 2: Horse
Available custom runners: ['mona-whisper', 'Ïß̀ơĐ¡¹·Đ¡°×']
Added custom runner 0: mona-whisper
Added custom runner 1: Ïß̀ơĐ¡¹·Đ¡°×
Runner menu actions: 6
Language changed to: English
Runner manager initialized with runners: ['Cat', 'Parrot', 'Horse']
Available runners: ['Cat', 'Parrot', 'Horse']
Added runner 0: Cat
Added runner 1: Parrot
Added runner 2: Horse
Available custom runners: ['mona-whisper', 'Ïß̀ơĐ¡¹·Đ¡°×']
Added custom runner 0: mona-whisper
Added custom runner 1: Ïß̀ơĐ¡¹·Đ¡°×
Runner menu actions: 6
Current runner: Ïß̀ơĐ¡¹·Đ¡°×
Custom runner found: True
Custom runner frames count: 12
Available runners: ['Cat', 'Parrot', 'Horse']
Added runner 0: Cat
Added runner 1: Parrot
Added runner 2: Horse
Available custom runners: ['mona-whisper', 'Ïß̀ơĐ¡¹·Đ¡°×']
Added custom runner 0: mona-whisper
Added custom runner 1: Ïß̀ơĐ¡¹·Đ¡°×
Runner menu actions: 6
Language changed to: ÖĐÎÄ·±̀å
Available runners: ['Cat', 'Parrot', 'Horse']
Added runner 0: Cat
Added runner 1: Parrot
Added runner 2: Horse
Available custom runners: ['mona-whisper', 'Ïß̀ơĐ¡¹·Đ¡°×']
Added custom runner 0: mona-whisper
Added custom runner 1: Ïß̀ơĐ¡¹·Đ¡°×
Runner menu actions: 6
Language changed to: English
Runner manager initialized with runners: ['Cat', 'Parrot', 'Horse']
Available runners: ['Cat', 'Parrot', 'Horse']
Added runner 0: Cat
Added runner 1: Parrot
Added runner 2: Horse
Available custom runners: ['mona-whisper', 'Ïß̀ơĐ¡¹·Đ¡°×']
Added custom runner 0: mona-whisper
Added custom runner 1: Ïß̀ơĐ¡¹·Đ¡°×
Runner menu actions: 6
Runner manager initialized with runners: ['Cat', 'Parrot', 'Horse']
Available runners: ['Cat', 'Parrot', 'Horse']
Added runner 0: Cat
Added runner 1: Parrot
Added runner 2: Horse
Available custom runners: ['mona-whisper', 'Ïß̀ơĐ¡¹·Đ¡°×']
Added custom runner 0: mona-whisper
Added custom runner 1: Ïß̀ơĐ¡¹·Đ¡°×
Runner menu actions: 6
Current runner: Ïß̀ơĐ¡¹·Đ¡°×
Custom runner found: True
Custom runner frames count: 12
Runner manager initialized with runners: ['Cat', 'Parrot', 'Horse']
Available runners: ['Cat', 'Parrot', 'Horse']
Added runner 0: Cat
Added runner 1: Parrot
Added runner 2: Horse
Available custom runners: ['mona-whisper', 'Ïß̀ơĐ¡¹·Đ¡°×']
Added custom runner 0: mona-whisper
Added custom runner 1: Ïß̀ơĐ¡¹·Đ¡°×
Runner menu actions: 6
Current runner: Ïß̀ơĐ¡¹·Đ¡°×
Custom runner found: True
Custom runner frames count: 12
Runner manager initialized with runners: ['Cat', 'Parrot', 'Horse']
Available runners: ['Cat', 'Parrot', 'Horse']
Added runner 0: Cat
Added runner 1: Parrot
Added runner 2: Horse
Available custom runners: ['mona-whisper', 'Ïß̀ơĐ¡¹·Đ¡°×']
Added custom runner 0: mona-whisper
Added custom runner 1: Ïß̀ơĐ¡¹·Đ¡°×
Runner menu actions: 6
Current runner: Ïß̀ơĐ¡¹·Đ¡°×
Custom runner found: True
Custom runner frames count: 12
Runner manager initialized with runners: ['Cat', 'Parrot', 'Horse']
Available runners: ['Cat', 'Parrot', 'Horse']
Added runner 0: Cat
Added runner 1: Parrot
Added runner 2: Horse
Available custom runners: ['mona-whisper', 'Ïß̀ơĐ¡¹·Đ¡°×']
Added custom runner 0: mona-whisper
Added custom runner 1: Ïß̀ơĐ¡¹·Đ¡°×
Runner menu actions: 6
Current runner: Ïß̀ơĐ¡¹·Đ¡°×
Custom runner found: True
Custom runner frames count: 12
Runner manager initialized with runners: ['Cat', 'Parrot', 'Horse']
Available runners: ['Cat', 'Parrot', 'Horse']
Added runner 0: Cat
Added runner 1: Parrot
Added runner 2: Horse
Available custom runners: ['mona-whisper', 'Ïß̀ơĐ¡¹·Đ¡°×']
Added custom runner 0: mona-whisper
Added custom runner 1: Ïß̀ơĐ¡¹·Đ¡°×
Runner menu actions: 6
Current runner: Ïß̀ơĐ¡¹·Đ¡°×
Custom runner found: True
Custom runner frames count: 12
Runner manager initialized with runners: ['Cat', 'Parrot', 'Horse']
Available runners: ['Cat', 'Parrot', 'Horse']
Added runner 0: Cat
Added runner 1: Parrot
Added runner 2: Horse
Available custom runners: ['mona-whisper', 'Ïß̀ơĐ¡¹·Đ¡°×']
Added custom runner 0: mona-whisper
Added custom runner 1: Ïß̀ơĐ¡¹·Đ¡°×
Runner menu actions: 6
Current runner: Ïß̀ơĐ¡¹·Đ¡°×
Custom runner found: True
Custom runner frames count: 12
Runner manager initialized with runners: ['Cat', 'Parrot', 'Horse']
Available runners: ['Cat', 'Parrot', 'Horse']
Added runner 0: Cat
Added runner 1: Parrot
Added runner 2: Horse
Available custom runners: ['mona-whisper', 'Ïß̀ơĐ¡¹·Đ¡°×']
Added custom runner 0: mona-whisper
Added custom runner 1: Ïß̀ơĐ¡¹·Đ¡°×
Runner menu actions: 6
Current runner: Ïß̀ơĐ¡¹·Đ¡°×
Custom runner found: True
Custom runner frames count: 12
Runner manager initialized with runners: ['Cat', 'Parrot', 'Horse']
Available runners: ['Cat', 'Parrot', 'Horse']
Added runner 0: Cat
Added runner 1: Parrot
Added runner 2: Horse
Available custom runners: ['mona-whisper', 'Ïß̀ơĐ¡¹·Đ¡°×']
Added custom runner 0: mona-whisper
Added custom runner 1: Ïß̀ơĐ¡¹·Đ¡°×
Runner menu actions: 6
Current runner: Ïß̀ơĐ¡¹·Đ¡°×
Custom runner found: True
Custom runner frames count: 12
Runner manager initialized with runners: ['Cat', 'Parrot', 'Horse']
Available runners: ['Cat', 'Parrot', 'Horse']
Added runner 0: Cat
Added runner 1: Parrot
Added runner 2: Horse
Available custom runners: ['mona-whisper', 'Ïß̀ơĐ¡¹·Đ¡°×']
Added custom runner 0: mona-whisper
Added custom runner 1: Ïß̀ơĐ¡¹·Đ¡°×
Runner menu actions: 6
Current runner: Ïß̀ơĐ¡¹·Đ¡°×
Custom runner found: True
Custom runner frames count: 12
Runner manager initialized with runners: ['Cat', 'Parrot', 'Horse']
Available runners: ['Cat', 'Parrot', 'Horse']
Added runner 0: Cat
Added runner 1: Parrot
Added runner 2: Horse
Available custom runners: ['mona-whisper', 'Ïß̀ơĐ¡¹·Đ¡°×']
Added custom runner 0: mona-whisper
Added custom runner 1: Ïß̀ơĐ¡¹·Đ¡°×
Runner menu actions: 6
Runner manager initialized with runners: ['Cat', 'Parrot', 'Horse']
Available runners: ['Cat', 'Parrot', 'Horse']
Added runner 0: Cat
Added runner 1: Parrot
Added runner 2: Horse
Available custom runners: ['mona-whisper', 'Ïß̀ơĐ¡¹·Đ¡°×']
Added custom runner 0: mona-whisper
Added custom runner 1: Ïß̀ơĐ¡¹·Đ¡°×
Runner menu actions: 6
Current runner: Ïß̀ơĐ¡¹·Đ¡°×
Custom runner found: True
Custom runner frames count: 12
Current runner: Ïß̀ơĐ¡¹·Đ¡°×
Custom runner found: True
Custom runner frames count: 12
Available runners: ['Cat', 'Parrot', 'Horse']
Added runner 0: Cat
Added runner 1: Parrot
Added runner 2: Horse
Available custom runners: ['mona-whisper', 'Ïß̀ơĐ¡¹·Đ¡°×']
Added custom runner 0: mona-whisper
Added custom runner 1: Ïß̀ơĐ¡¹·Đ¡°×
Runner menu actions: 6
Runner manager initialized with runners: ['Cat', 'Parrot', 'Horse']
Runner manager initialized with runners: ['Cat', 'Parrot', 'Horse']
Runner manager initialized with runners: ['Cat', 'Parrot', 'Horse']
Available runners: ['Cat', 'Parrot', 'Horse']
Added runner 0: Cat
Added runner 1: Parrot
Added runner 2: Horse
Available custom runners: ['mona-whisper', 'Ïß̀ơĐ¡¹·Đ¡°×']
Added custom runner 0: mona-whisper
Added custom runner 1: Ïß̀ơĐ¡¹·Đ¡°×
Runner menu actions: 6
Current runner: Ïß̀ơĐ¡¹·Đ¡°×
Custom runner found: True
Custom runner frames count: 12
Current runner: Ïß̀ơĐ¡¹·Đ¡°×
Custom runner found: True
Custom runner frames count: 12
Available runners: ['Cat', 'Parrot', 'Horse']
Added runner 0: Cat
Added runner 1: Parrot
Added runner 2: Horse
Available custom runners: ['mona-whisper', 'Ïß̀ơĐ¡¹·Đ¡°×']
Added custom runner 0: mona-whisper
Added custom runner 1: Ïß̀ơĐ¡¹·Đ¡°×
Runner menu actions: 6
Runner manager initialized with runners: ['Cat', 'Parrot', 'Horse']
Available runners: ['Cat', 'Parrot', 'Horse']
Added runner 0: Cat
Added runner 1: Parrot
Added runner 2: Horse
Available custom runners: ['mona-whisper', 'Ïß̀ơĐ¡¹·Đ¡°×']
Added custom runner 0: mona-whisper
Added custom runner 1: Ïß̀ơĐ¡¹·Đ¡°×
Runner menu actions: 6
Current runner: Ïß̀ơĐ¡¹·Đ¡°×
Custom runner found: True
Custom runner frames count: 12
Runner manager initialized with runners: ['Cat', 'Parrot', 'Horse']
Available runners: ['Cat', 'Parrot', 'Horse']
Added runner 0: Cat
Added runner 1: Parrot
Added runner 2: Horse
Available custom runners: ['mona-whisper', 'Ïß̀ơĐ¡¹·Đ¡°×']
Added custom runner 0: mona-whisper
Added custom runner 1: Ïß̀ơĐ¡¹·Đ¡°×
Runner menu actions: 6
Current runner: Ïß̀ơĐ¡¹·Đ¡°×
Custom runner found: True
Custom runner frames count: 12
Runner manager initialized with runners: ['Cat', 'Parrot', 'Horse']
Available runners: ['Cat', 'Parrot', 'Horse']
Added runner 0: Cat
Added runner 1: Parrot
Added runner 2: Horse
Available custom runners: ['mona-whisper', 'Ïß̀ơĐ¡¹·Đ¡°×']
Added custom runner 0: mona-whisper
Added custom runner 1: Ïß̀ơĐ¡¹·Đ¡°×
Runner menu actions: 6
Current runner: Ïß̀ơĐ¡¹·Đ¡°×
Custom runner found: True
Custom runner frames count: 12
Runner manager initialized with runners: ['Cat', 'Parrot', 'Horse']
Available runners: ['Cat', 'Parrot', 'Horse']
Added runner 0: Cat
Added runner 1: Parrot
Added runner 2: Horse
Available custom runners: ['mona-whisper', 'Ïß̀ơĐ¡¹·Đ¡°×']
Added custom runner 0: mona-whisper
Added custom runner 1: Ïß̀ơĐ¡¹·Đ¡°×
Runner menu actions: 6
Current runner: Ïß̀ơĐ¡¹·Đ¡°×
Custom runner found: True
Custom runner frames count: 12
Runner manager initialized with runners: ['Cat', 'Parrot', 'Horse']
Available runners: ['Cat', 'Parrot', 'Horse']
Added runner 0: Cat
Added runner 1: Parrot
Added runner 2: Horse
Available custom runners: ['mona-whisper', 'Ïß̀ơĐ¡¹·Đ¡°×']
Added custom runner 0: mona-whisper
Added custom runner 1: Ïß̀ơĐ¡¹·Đ¡°×
Runner menu actions: 6
Current runner: Ïß̀ơĐ¡¹·Đ¡°×
Custom runner found: True
Custom runner frames count: 12
Runner manager initialized with runners: ['Cat', 'Parrot', 'Horse']
Available runners: ['Cat', 'Parrot', 'Horse']
Added runner 0: Cat
Added runner 1: Parrot
Added runner 2: Horse
Available custom runners: ['mona-whisper', 'Ïß̀ơĐ¡¹·Đ¡°×']
Added custom runner 0: mona-whisper
Added custom runner 1: Ïß̀ơĐ¡¹·Đ¡°×
Runner menu actions: 6
Current runner: Ïß̀ơĐ¡¹·Đ¡°×
Custom runner found: True
Custom runner frames count: 12
Runner manager initialized with runners: ['Cat', 'Parrot', 'Horse']
Available runners: ['Cat', 'Parrot', 'Horse']
Added runner 0: Cat
Added runner 1: Parrot
Added runner 2: Horse
Available custom runners: ['mona-whisper', 'Ïß̀ơĐ¡¹·Đ¡°×']
Added custom runner 0: mona-whisper
Added custom runner 1: Ïß̀ơĐ¡¹·Đ¡°×
Runner menu actions: 6
Current runner: Ïß̀ơĐ¡¹·Đ¡°×
Custom runner found: True
Custom runner frames count: 12
Runner manager initialized with runners: ['Cat', 'Parrot', 'Horse']
Available runners: ['Cat', 'Parrot', 'Horse']
Added runner 0: Cat
Added runner 1: Parrot
Added runner 2: Horse
Available custom runners: ['mona-whisper', 'Ïß̀ơĐ¡¹·Đ¡°×']
Added custom runner 0: mona-whisper
Added custom runner 1: Ïß̀ơĐ¡¹·Đ¡°×
Runner menu actions: 6
Current runner: Ïß̀ơĐ¡¹·Đ¡°×
Custom runner found: True
Custom runner frames count: 12
Runner manager initialized with runners: ['Cat', 'Parrot', 'Horse']
Available runners: ['Cat', 'Parrot', 'Horse']
Added runner 0: Cat
Added runner 1: Parrot
Added runner 2: Horse
Available custom runners: ['mona-whisper', 'Ïß̀ơĐ¡¹·Đ¡°×']
Added custom runner 0: mona-whisper
Added custom runner 1: Ïß̀ơĐ¡¹·Đ¡°×
Runner menu actions: 6
Current runner: Ïß̀ơĐ¡¹·Đ¡°×
Custom runner found: True
Custom runner frames count: 12
Runner manager initialized with runners: ['Cat', 'Parrot', 'Horse']
Available runners: ['Cat', 'Parrot', 'Horse']
Added runner 0: Cat
Added runner 1: Parrot
Added runner 2: Horse
Available custom runners: ['mona-whisper', 'Ïß̀ơĐ¡¹·Đ¡°×']
Added custom runner 0: mona-whisper
Added custom runner 1: Ïß̀ơĐ¡¹·Đ¡°×
Runner menu actions: 6
Current runner: Ïß̀ơĐ¡¹·Đ¡°×
Custom runner found: True
Custom runner frames count: 12
Runner manager initialized with runners: ['Cat', 'Parrot', 'Horse']
Available runners: ['Cat', 'Parrot', 'Horse']
Added runner 0: Cat
Added runner 1: Parrot
Added runner 2: Horse
Available custom runners: ['mona-whisper', 'Ïß̀ơĐ¡¹·Đ¡°×']
Added custom runner 0: mona-whisper
Added custom runner 1: Ïß̀ơĐ¡¹·Đ¡°×
Runner menu actions: 6
Current runner: Ïß̀ơĐ¡¹·Đ¡°×
Custom runner found: True
Custom runner frames count: 12
Runner manager initialized with runners: ['Cat', 'Parrot', 'Horse']
Available runners: ['Cat', 'Parrot', 'Horse']
Added runner 0: Cat
Added runner 1: Parrot
Added runner 2: Horse
Available custom runners: ['mona-whisper', 'Ïß̀ơĐ¡¹·Đ¡°×']
Added custom runner 0: mona-whisper
Added custom runner 1: Ïß̀ơĐ¡¹·Đ¡°×
Runner menu actions: 6
Current runner: Ïß̀ơĐ¡¹·Đ¡°×
Custom runner found: True
Custom runner frames count: 12
Current runner: Ïß̀ơĐ¡¹·Đ¡°×
Custom runner found: True
Custom runner frames count: 12
Available runners: ['Cat', 'Parrot', 'Horse']
Added runner 0: Cat
Added runner 1: Parrot
Added runner 2: Horse
Available custom runners: ['mona-whisper', 'Ïß̀ơĐ¡¹·Đ¡°×']
Added custom runner 0: mona-whisper
Added custom runner 1: Ïß̀ơĐ¡¹·Đ¡°×
Runner menu actions: 6
Runner manager initialized with runners: ['Cat', 'Parrot', 'Horse']
Available runners: ['Cat', 'Parrot', 'Horse']
Added runner 0: Cat
Added runner 1: Parrot
Added runner 2: Horse
Available custom runners: ['mona-whisper', 'Ïß̀ơĐ¡¹·Đ¡°×']
Added custom runner 0: mona-whisper
Added custom runner 1: Ïß̀ơĐ¡¹·Đ¡°×
Runner menu actions: 6
Current runner: Ïß̀ơĐ¡¹·Đ¡°×
Custom runner found: True
Custom runner frames count: 12
Runner manager initialized with runners: ['Cat', 'Parrot', 'Horse']
Available runners: ['Cat', 'Parrot', 'Horse']
Added runner 0: Cat
Added runner 1: Parrot
Added runner 2: Horse
Available custom runners: ['mona-whisper', 'Ïß̀ơĐ¡¹·Đ¡°×']
Added custom runner 0: mona-whisper
Added custom runner 1: Ïß̀ơĐ¡¹·Đ¡°×
Runner menu actions: 6
Current runner: Ïß̀ơĐ¡¹·Đ¡°×
Custom runner found: True
Custom runner frames count: 12
Current runner: Ïß̀ơĐ¡¹·Đ¡°×
Custom runner found: True
Custom runner frames count: 12
Available runners: ['Cat', 'Parrot', 'Horse']
Added runner 0: Cat
Added runner 1: Parrot
Added runner 2: Horse
Available custom runners: ['mona-whisper', 'Ïß̀ơĐ¡¹·Đ¡°×']
Added custom runner 0: mona-whisper
Added custom runner 1: Ïß̀ơĐ¡¹·Đ¡°×
Runner menu actions: 6
Runner manager initialized with runners: ['Cat', 'Parrot', 'Horse']
Available runners: ['Cat', 'Parrot', 'Horse']
Added runner 0: Cat
Added runner 1: Parrot
Added runner 2: Horse
Available custom runners: ['mona-whisper', 'Ïß̀ơĐ¡¹·Đ¡°×']
Added custom runner 0: mona-whisper
Added custom runner 1: Ïß̀ơĐ¡¹·Đ¡°×
Runner menu actions: 6
Current runner: Ïß̀ơĐ¡¹·Đ¡°×
Custom runner found: True
Custom runner frames count: 12
Current runner: Ïß̀ơĐ¡¹·Đ¡°×
Custom runner found: True
Custom runner frames count: 12
Available runners: ['Cat', 'Parrot', 'Horse']
Added runner 0: Cat
Added runner 1: Parrot
Added runner 2: Horse
Available custom runners: ['mona-whisper', 'Ïß̀ơĐ¡¹·Đ¡°×']
Added custom runner 0: mona-whisper
Added custom runner 1: Ïß̀ơĐ¡¹·Đ¡°×
Runner menu actions: 6
Runner manager initialized with runners: ['Cat', 'Parrot', 'Horse']
Available runners: ['Cat', 'Parrot', 'Horse']
Added runner 0: Cat
Added runner 1: Parrot
Added runner 2: Horse
Available custom runners: ['mona-whisper', 'Ïß̀ơĐ¡¹·Đ¡°×']
Added custom runner 0: mona-whisper
Added custom runner 1: Ïß̀ơĐ¡¹·Đ¡°×
Runner menu actions: 6
Current runner: Ïß̀ơĐ¡¹·Đ¡°×
Custom runner found: True
Custom runner frames count: 12
Runner manager initialized with runners: ['Cat', 'Parrot', 'Horse']
Available runners: ['Cat', 'Parrot', 'Horse']
Added runner 0: Cat
Added runner 1: Parrot
Added runner 2: Horse
Available custom runners: ['mona-whisper', 'Ïß̀ơĐ¡¹·Đ¡°×']
Added custom runner 0: mona-whisper
Added custom runner 1: Ïß̀ơĐ¡¹·Đ¡°×
Runner menu actions: 6
Current runner: Ïß̀ơĐ¡¹·Đ¡°×
Custom runner found: True
Custom runner frames count: 12
